<?xml version="1.0" encoding="UTF-8"?>
<!-- Generated by org.testng.reporters.JUnitReportReporter -->
<testsuite hostname="Herain" failures="0" tests="6" name="com.task.automation.MyFirstTestCase" time="73.738" errors="0" timestamp="2024-04-06T22:04:29 IST" skipped="4">
  <testcase classname="com.task.automation.MyFirstTestCase" name="logoutUserCheckoutFlow" time="20.811"/>
  <testcase classname="com.task.automation.MyFirstTestCase" name="logoutUserCheckoutFlow" time="15.922">
    <skipped/>
  </testcase> <!-- logoutUserCheckoutFlow -->
  <testcase classname="com.task.automation.MyFirstTestCase" name="logoutUserCheckoutFlow" time="19.618">
    <skipped/>
  </testcase> <!-- logoutUserCheckoutFlow -->
  <testcase classname="com.task.automation.MyFirstTestCase" name="logoutUserCheckoutFlow" time="17.387"/>
  <testcase classname="com.task.automation.MyFirstTestCase" name="loginUserCheckoutFlow">
    <skipped/>
  </testcase> <!-- loginUserCheckoutFlow -->
  <testcase classname="com.task.automation.MyFirstTestCase" name="loginUserCheckoutFlow">
    <skipped/>
  </testcase> <!-- loginUserCheckoutFlow -->
</testsuite> <!-- com.task.automation.MyFirstTestCase -->
